{
  "stats": {
    "suites": 1,
    "tests": 3,
    "passes": 3,
    "pending": 0,
    "failures": 0,
    "start": "2023-08-10T18:15:00.302Z",
    "end": "2023-08-10T18:33:35.069Z",
    "duration": 1114767,
    "testsRegistered": 3,
    "passPercent": 100,
    "pendingPercent": 0,
    "other": 0,
    "hasOther": false,
    "skipped": 0,
    "hasSkipped": false
  },
  "results": [
    {
      "uuid": "fb599594-f4ed-4359-93e0-9369397218f0",
      "title": "",
      "fullFile": "",
      "file": "",
      "beforeHooks": [],
      "afterHooks": [],
      "tests": [],
      "suites": [
        {
          "uuid": "f46a8beb-61df-4289-8a5f-7ee989584f56",
          "title": "postagens imobiliaria",
          "fullFile": "/Users/brunocarvalho/Documents/c2-qa-ios-mobile/e2e/postagens_imobiliaria_test.js",
          "file": "/e2e/postagens_imobiliaria_test.js",
          "beforeHooks": [
            {
              "title": "\"before all\" hook: codeceptjs.beforeSuite",
              "fullTitle": "postagens imobiliaria \"before all\" hook: codeceptjs.beforeSuite",
              "timedOut": false,
              "duration": 0,
              "state": null,
              "speed": null,
              "pass": false,
              "fail": false,
              "pending": false,
              "context": null,
              "code": "scenario.suiteSetup(suite)",
              "err": {},
              "uuid": "10e741d8-7688-49d2-a777-711f5fd657a6",
              "parentUUID": null,
              "isHook": true,
              "skipped": false
            },
            {
              "title": "\"before each\" hook: codeceptjs.before",
              "fullTitle": "postagens imobiliaria \"before each\" hook: codeceptjs.before",
              "timedOut": false,
              "duration": 0,
              "state": null,
              "speed": null,
              "pass": false,
              "fail": false,
              "pending": false,
              "context": null,
              "code": "scenario.setup(suite)",
              "err": {},
              "uuid": "b52ac4fb-5900-4e67-a2fe-e704b9181d88",
              "parentUUID": null,
              "isHook": true,
              "skipped": false
            }
          ],
          "afterHooks": [],
          "tests": [],
          "suites": [],
          "passes": [],
          "failures": [],
          "pending": [],
          "skipped": [],
          "duration": 0,
          "root": false,
          "rootEmpty": false,
          "_timeout": 0
        },
        {
          "uuid": "c2a51cba-3022-4bbf-97a8-33037220e0df",
          "title": "Postar Anúncio Imobiliaria",
          "fullFile": "/Users/brunocarvalho/Documents/c2-qa-ios-mobile/e2e/postagens_imobiliaria_test.js",
          "file": "/e2e/postagens_imobiliaria_test.js",
          "beforeHooks": [
            {
              "title": "\"before all\" hook: codeceptjs.beforeSuite in \"Postar Anúncio Imobiliaria\"",
              "fullTitle": "Postar Anúncio Imobiliaria \"before all\" hook: codeceptjs.beforeSuite in \"Postar Anúncio Imobiliaria\"",
              "timedOut": false,
              "duration": 1,
              "state": null,
              "speed": null,
              "pass": false,
              "fail": false,
              "pending": false,
              "context": null,
              "code": "scenario.suiteSetup(suite)",
              "err": {},
              "uuid": "ee6b239c-c289-44f7-b09d-c8fd469d022f",
              "parentUUID": "c2a51cba-3022-4bbf-97a8-33037220e0df",
              "isHook": true,
              "skipped": false
            },
            {
              "title": "\"before each\" hook: codeceptjs.before in \"Postar Anúncio Imobiliaria\"",
              "fullTitle": "Postar Anúncio Imobiliaria \"before each\" hook: codeceptjs.before in \"Postar Anúncio Imobiliaria\"",
              "timedOut": false,
              "duration": 7126,
              "state": null,
              "speed": null,
              "pass": false,
              "fail": false,
              "pending": false,
              "context": null,
              "code": "scenario.setup(suite)",
              "err": {},
              "uuid": "a07761d2-44dc-4fa5-a290-6dc60c5dbc72",
              "parentUUID": "c2a51cba-3022-4bbf-97a8-33037220e0df",
              "isHook": true,
              "skipped": false
            },
            {
              "title": "\"before each\" hook: Before in \"Postar Anúncio Imobiliaria\"",
              "fullTitle": "Postar Anúncio Imobiliaria \"before each\" hook: Before in \"Postar Anúncio Imobiliaria\"",
              "timedOut": false,
              "duration": 6331,
              "state": null,
              "speed": null,
              "pass": false,
              "fail": false,
              "pending": false,
              "context": null,
              "code": "I }) => {\n    I.wait(6)\n    const isTabBarLogout = await I.grabNumberOfVisibleElements(homePage.tabs.tabPerfil)\n    if(isTabBarLogout >= 1){\n        homePage.clickTabPerfil()\n        perfilPage.clickButtonConfigIconPfl()\n        perfilPage.clickLabelSair()\n        perfilPage.clickButtonSair()\n    }",
              "err": {},
              "uuid": "5743d52e-70bd-4456-b62a-b0705757a084",
              "parentUUID": "c2a51cba-3022-4bbf-97a8-33037220e0df",
              "isHook": true,
              "skipped": false
            }
          ],
          "afterHooks": [
            {
              "title": "\"after all\" hook: codeceptjs.afterSuite in \"Postar Anúncio Imobiliaria\"",
              "fullTitle": "Postar Anúncio Imobiliaria \"after all\" hook: codeceptjs.afterSuite in \"Postar Anúncio Imobiliaria\"",
              "timedOut": false,
              "duration": 0,
              "state": null,
              "speed": null,
              "pass": false,
              "fail": false,
              "pending": false,
              "context": null,
              "code": "scenario.suiteTeardown(suite)",
              "err": {},
              "uuid": "f492cc9c-ed34-468c-809d-3f8826e0c4cb",
              "parentUUID": "c2a51cba-3022-4bbf-97a8-33037220e0df",
              "isHook": true,
              "skipped": false
            },
            {
              "title": "\"after each\" hook: After in \"Postar Anúncio Imobiliaria\"",
              "fullTitle": "Postar Anúncio Imobiliaria \"after each\" hook: After in \"Postar Anúncio Imobiliaria\"",
              "timedOut": false,
              "duration": 18608,
              "state": null,
              "speed": null,
              "pass": false,
              "fail": false,
              "pending": false,
              "context": null,
              "code": "I }) => {\n    I.wait(6)\n    const isTabBarLogout = await I.grabNumberOfVisibleElements(homePage.tabs.tabPerfil)\n    if(isTabBarLogout >= 1){\n        homePage.clickTabPerfil()\n        perfilPage.clickButtonConfigIconPfl()\n        perfilPage.clickLabelSair()\n        perfilPage.clickButtonSair()\n     }",
              "err": {},
              "uuid": "794e0b00-7529-4172-a188-c31cad46d1c9",
              "parentUUID": "c2a51cba-3022-4bbf-97a8-33037220e0df",
              "isHook": true,
              "skipped": false
            },
            {
              "title": "\"after each\" hook: finalize codeceptjs in \"Postar Anúncio Imobiliaria\"",
              "fullTitle": "Postar Anúncio Imobiliaria \"after each\" hook: finalize codeceptjs in \"Postar Anúncio Imobiliaria\"",
              "timedOut": false,
              "duration": 1067,
              "state": null,
              "speed": null,
              "pass": false,
              "fail": false,
              "pending": false,
              "context": null,
              "code": "scenario.teardown(suite)",
              "err": {},
              "uuid": "98f60834-b5ea-4a22-89f3-40ecf66e8456",
              "parentUUID": "c2a51cba-3022-4bbf-97a8-33037220e0df",
              "isHook": true,
              "skipped": false
            }
          ],
          "tests": [
            {
              "title": "CTP-89 |Postar Anúncio - Imobiliária - validar link NovaPostagem",
              "fullTitle": "Postar Anúncio Imobiliaria CTP-89 |Postar Anúncio - Imobiliária - validar link NovaPostagem",
              "timedOut": false,
              "duration": 408658,
              "state": "passed",
              "speed": "slow",
              "pass": true,
              "fail": false,
              "pending": false,
              "context": null,
              "code": "recorder.errHandler((err) => {\n  recorder.session.start('teardown');\n  recorder.cleanAsyncErr();\n  if (test.throws) { // check that test should actually fail\n    try {\n      assertThrown(err, test.throws);\n      event.emit(event.test.passed, test);\n      event.emit(event.test.finished, test);\n      recorder.add(() => done());\n      return;\n    } catch (newErr) {\n      err = newErr;\n    }\n  }\n  event.emit(event.test.failed, test, err);\n  event.emit(event.test.finished, test);\n  recorder.add(() => done(err));\n});\nif (isAsyncFunction(testFn)) {\n  event.emit(event.test.started, test);\n  const catchError = e => {\n    recorder.throw(e);\n    recorder.catch((e) => {\n      const err = (recorder.getAsyncErr() === null) ? e : recorder.getAsyncErr();\n      recorder.session.start('teardown');\n      recorder.cleanAsyncErr();\n      event.emit(event.test.failed, test, err);\n      event.emit(event.test.finished, test);\n      recorder.add(() => done(err));\n    });\n  };\n  let injectedArguments;\n  try {\n    injectedArguments = getInjectedArguments(testFn, test);\n  } catch (e) {\n    catchError(e);\n    return;\n  }\n  testFn.call(test, injectedArguments).then(() => {\n    recorder.add('fire test.passed', () => {\n      event.emit(event.test.passed, test);\n      event.emit(event.test.finished, test);\n    });\n    recorder.add('finish test', () => done());\n    recorder.catch();\n  }).catch(catchError);\n  return;\n}\ntry {\n  event.emit(event.test.started, test);\n  testFn.call(test, getInjectedArguments(testFn, test));\n} catch (err) {\n  recorder.throw(err);\n} finally {\n  recorder.add('fire test.passed', () => {\n    event.emit(event.test.passed, test);\n    event.emit(event.test.finished, test);\n  });\n  recorder.add('finish test', () => done());\n  recorder.catch();\n}",
              "err": {},
              "uuid": "9c2b8f43-cf1d-46cd-a707-0f5d983cea68",
              "parentUUID": "c2a51cba-3022-4bbf-97a8-33037220e0df",
              "isHook": false,
              "skipped": false
            },
            {
              "title": "CTP-88 |Postar Anúncio - Imobiliária - validar link Gerenciar Imóveis",
              "fullTitle": "Postar Anúncio Imobiliaria: CTP-88 |Postar Anúncio - Imobiliária - validar link Gerenciar Imóveis",
              "timedOut": false,
              "duration": 291207,
              "state": "passed",
              "speed": "slow",
              "pass": true,
              "fail": false,
              "pending": false,
              "context": null,
              "code": "I}) => {\n    homePage.clickTabEntrar()\n    loginPage.doLogin(fileData.usuarios.imobiliaria.email,fileData.usuarios.imobiliaria.password)\n    homePage.clickTabPerfil()\n    loggedareaPage.assertUserLoggedImobiliariaTeste()\n    homePage.clickTabPostarImboliaria()\n    postagens.tabCorretorPostarImovel()\n    postagens.postarImovelSemLinkGerenciarImoveis(postagens.dropbox.transacaoAlugar,postagens.dropbox.categoriaResidencial,postagens.dropbox.tipoCobertura,\"\",'654444','2486','745',90,90,'04552000',\"ap1802\",\"6000\",false, true,false,4,1,2,1,4)\n    homePage.clickTabPerfil()\n    perfilPage.clickButtonConfigIconPfl()\n    perfilPage.clickLabelSair()\n    perfilPage.clickButtonSair()",
              "err": {},
              "uuid": "4859a1fd-5e1f-48bc-aaad-0106292f2269",
              "parentUUID": "c2a51cba-3022-4bbf-97a8-33037220e0df",
              "isHook": false,
              "skipped": false
            },
            {
              "title": "CTP-85 |Postar Anúncio - Imobiliária - alugar comercial Fazenda/Sítio sem status",
              "fullTitle": "Postar Anúncio Imobiliaria: CTP-85 |Postar Anúncio - Imobiliária - alugar comercial Fazenda/Sítio sem status",
              "timedOut": false,
              "duration": 270834,
              "state": "passed",
              "speed": "slow",
              "pass": true,
              "fail": false,
              "pending": false,
              "context": null,
              "code": "I}) => {\n    homePage.clickTabEntrar()\n    loginPage.doLogin(fileData.usuarios.imobiliaria.email,fileData.usuarios.imobiliaria.password)\n    homePage.clickTabPerfil()\n    loggedareaPage.assertUserLoggedImobiliariaTeste()\n    homePage.clickTabPostarImboliaria()\n    postagens.tabCorretorPostarImovel()\n    postagens.postarImovel(postagens.dropbox.transacaoAlugar,postagens.dropbox.categoriaResidencial,postagens.dropbox.tipoCasaDeCondominio,\"\",'80000','2486','800',90,90,'04552000',\"casa 5-b\",\"54\",true, false,false,4,1,2,1,2)",
              "err": {},
              "uuid": "356791a4-0b93-4684-8567-067e5eae724f",
              "parentUUID": "c2a51cba-3022-4bbf-97a8-33037220e0df",
              "isHook": false,
              "skipped": false
            }
          ],
          "suites": [],
          "passes": [
            "9c2b8f43-cf1d-46cd-a707-0f5d983cea68",
            "4859a1fd-5e1f-48bc-aaad-0106292f2269",
            "356791a4-0b93-4684-8567-067e5eae724f"
          ],
          "failures": [],
          "pending": [],
          "skipped": [],
          "duration": 970699,
          "root": false,
          "rootEmpty": false,
          "_timeout": 0
        }
      ],
      "passes": [],
      "failures": [],
      "pending": [],
      "skipped": [],
      "duration": 0,
      "root": true,
      "rootEmpty": true,
      "_timeout": 0
    }
  ],
  "meta": {
    "mocha": {
      "version": "10.2.0"
    },
    "mochawesome": {
      "options": {
        "quiet": false,
        "reportFilename": "mochawesome",
        "saveHtml": true,
        "saveJson": true,
        "consoleReporter": "spec",
        "useInlineDiffs": false,
        "code": true
      },
      "version": "7.1.3"
    },
    "marge": {
      "options": {},
      "version": "6.2.0"
    }
  }
}